<?xml version="1.0" encoding="UTF-8"?>
<!-- Generated by org.testng.reporters.JUnitReportReporter -->
<testsuite hostname="BLR1-LHP-N04352" name="runner.RunCuke" tests="1" failures="0" timestamp="14 Jan 2019 07:18:34 GMT" time="47.008" errors="0">
  <testcase name="feature" time="47.008" classname="runner.RunCuke"/>
</testsuite> <!-- runner.RunCuke -->
