<?xml version="1.0" encoding="UTF-8"?>
<!-- Generated by org.testng.reporters.JUnitReportReporter -->
<testsuite skipped="0" hostname="BLR1-LHP-N04352" name="testCases.LoginTest" tests="1" failures="0" timestamp="26 Jan 2019 03:48:15 GMT" time="19.316" errors="0">
  <testcase name="loginTest" time="19.316" classname="testCases.LoginTest"/>
</testsuite> <!-- testCases.LoginTest -->
